<?xml version="1.0" encoding="UTF-8"?>
<!-- Generated by org.testng.reporters.JUnitReportReporter -->
<testsuite skipped="0" hostname="EABiradar" name="Demo.Testdemo" tests="1" failures="0" timestamp="16 Aug 2019 06:40:16 GMT" time="17.035" errors="0">
  <testcase name="Test1" time="17.035" classname="Demo.Testdemo"/>
</testsuite> <!-- Demo.Testdemo -->
